2024-01-25T08:21:17Z Initializing Application
2024-01-25T08:21:18Z Authenticated to VALT
2024-01-25T08:21:18Z Connection Successful
2024-01-25T08:33:49Z Initializing Application
2024-01-25T08:33:50Z Authenticated to VALT
2024-01-25T08:33:50Z Connection Successful
2024-01-25T08:42:47Z Initializing Application
2024-01-25T08:42:48Z Authenticated to VALT
2024-01-25T08:42:48Z Connection Successful
2024-01-25T08:46:14Z Initializing Application
2024-01-25T08:46:14Z Authenticated to VALT
2024-01-25T08:46:15Z Connection Successful
2024-01-25T08:46:23Z Initializing Application
2024-01-25T08:46:23Z Authenticated to VALT
2024-01-25T08:46:24Z Connection Successful
2024-01-25T08:46:30Z Initializing Application
2024-01-25T08:46:31Z Authenticated to VALT
2024-01-25T08:46:31Z Connection Successful
2024-01-25T08:46:38Z Initializing Application
2024-01-25T08:46:38Z Authenticated to VALT
2024-01-25T08:46:39Z Connection Successful
2024-01-25T08:46:53Z Initializing Application
2024-01-25T08:46:54Z Authenticated to VALT
2024-01-25T08:46:54Z Connection Successful
2024-01-25T08:47:09Z Initializing Application
2024-01-25T08:47:10Z Authenticated to VALT
2024-01-25T08:47:10Z Connection Successful
2024-01-25T08:51:46Z Initializing Application
2024-01-25T08:51:47Z Authenticated to VALT
2024-01-25T08:51:47Z Connection Successful
2024-01-25T09:33:32Z Initializing Application
2024-01-25T09:33:33Z Authenticated to VALT
2024-01-25T09:33:33Z Connection Successful
2024-01-25T09:33:48Z Initializing Application
2024-01-25T09:33:49Z Authenticated to VALT
2024-01-25T09:33:49Z Connection Successful
2024-01-25T09:34:07Z Initializing Application
2024-01-25T09:34:07Z Authenticated to VALT
2024-01-25T09:34:07Z Connection Successful
2024-01-25T09:34:22Z Initializing Application
2024-01-25T09:34:22Z Authenticated to VALT
2024-01-25T09:34:22Z Connection Successful
2024-01-25T09:38:35Z Initializing Application
2024-01-25T09:38:36Z Authenticated to VALT
2024-01-25T09:38:36Z Connection Successful
2024-01-25T09:39:12Z Initializing Application
2024-01-25T09:39:12Z Authenticated to VALT
2024-01-25T09:39:12Z Connection Successful
2024-01-25T09:40:00Z Initializing Application
2024-01-25T09:40:05Z Authentication FAILED
2024-01-25T09:40:27Z Initializing Application
2024-01-25T09:40:27Z Authenticated to VALT
2024-01-25T09:40:28Z Connection Successful
2024-01-25T09:40:57Z Initializing Application
2024-01-25T09:40:58Z Authenticated to VALT
2024-01-25T09:40:58Z Connection Successful
2024-01-25T09:42:14Z Initializing Application
2024-01-25T09:42:15Z Authenticated to VALT
2024-01-25T09:42:15Z Connection Successful
2024-01-25T09:42:45Z Initializing Application
2024-01-25T09:42:46Z Authenticated to VALT
2024-01-25T09:42:46Z Connection Successful
2024-01-25T09:43:39Z Initializing Application
2024-01-25T09:43:40Z Authenticated to VALT
2024-01-25T09:43:40Z Connection Successful
2024-01-25T09:43:58Z Initializing Application
2024-01-25T09:43:58Z Authenticated to VALT
2024-01-25T09:43:58Z Connection Successful
2024-01-25T09:44:10Z Initializing Application
2024-01-25T09:44:11Z Authenticated to VALT
2024-01-25T09:44:11Z Connection Successful
2024-01-25T09:44:58Z Initializing Application
2024-01-25T09:44:59Z Authenticated to VALT
2024-01-25T09:44:59Z Connection Successful
2024-01-25T09:45:10Z Initializing Application
2024-01-25T09:45:11Z Authenticated to VALT
2024-01-25T09:45:11Z Connection Successful
2024-01-25T09:46:27Z Initializing Application
2024-01-25T09:46:28Z Authenticated to VALT
2024-01-25T09:46:28Z Connection Successful
2024-01-25T09:46:55Z Initializing Application
2024-01-25T09:46:55Z Authenticated to VALT
2024-01-25T09:46:55Z Connection Successful
2024-01-25T09:48:27Z Initializing Application
2024-01-25T09:48:27Z Authenticated to VALT
2024-01-25T09:48:28Z Connection Successful
2024-01-25T09:49:19Z Initializing Application
2024-01-25T09:49:19Z Authenticated to VALT
2024-01-25T09:49:19Z Connection Successful
2024-01-25T09:49:31Z Initializing Application
2024-01-25T09:49:32Z Authenticated to VALT
2024-01-25T09:49:32Z Connection Successful
2024-01-25T09:49:38Z Initializing Application
2024-01-25T09:49:39Z Authenticated to VALT
2024-01-25T09:49:39Z Connection Successful
2024-01-25T09:50:22Z Initializing Application
2024-01-25T09:50:23Z Authenticated to VALT
2024-01-25T09:50:23Z Connection Successful
2024-01-25T09:50:53Z Initializing Application
2024-01-25T09:50:53Z Authenticated to VALT
2024-01-25T09:50:53Z Connection Successful
2024-01-25T09:51:03Z Initializing Application
2024-01-25T09:51:04Z Authenticated to VALT
2024-01-25T09:51:04Z Connection Successful
2024-01-25T09:51:20Z Initializing Application
2024-01-25T09:51:21Z Authenticated to VALT
2024-01-25T09:51:21Z Connection Successful
2024-01-25T09:52:19Z Initializing Application
2024-01-25T09:52:20Z Authenticated to VALT
2024-01-25T09:52:20Z Connection Successful
2024-01-25T09:52:31Z Room 3 Locked
2024-01-25T09:52:35Z Room 3 Unlocked
2024-01-25T09:54:12Z Initializing Application
2024-01-25T09:54:13Z Authenticated to VALT
2024-01-25T09:54:13Z Connection Successful
2024-01-25T09:55:31Z Initializing Application
2024-01-25T09:55:31Z Authenticated to VALT
2024-01-25T09:55:31Z Connection Successful
2024-01-25T09:57:47Z Initializing Application
2024-01-25T09:57:47Z Authenticated to VALT
2024-01-25T09:57:47Z Connection Successful
2024-01-25T09:57:57Z Initializing Application
2024-01-25T09:57:57Z Authenticated to VALT
2024-01-25T09:57:57Z Connection Successful
2024-01-25T09:58:07Z Initializing Application
2024-01-25T09:58:08Z Authenticated to VALT
2024-01-25T09:58:08Z Connection Successful
2024-01-25T09:58:25Z Initializing Application
2024-01-25T09:58:26Z Authenticated to VALT
2024-01-25T09:58:26Z Connection Successful
2024-01-25T09:58:33Z Initializing Application
2024-01-25T09:58:34Z Authenticated to VALT
2024-01-25T09:58:34Z Connection Successful
2024-01-25T10:01:10Z Initializing Application
2024-01-25T10:01:11Z Authenticated to VALT
2024-01-25T10:01:11Z Connection Successful
2024-01-25T10:01:15Z Recording Accessory Recording started in Room 3
2024-01-25T10:01:26Z Recording stopped in Room 3
2024-01-25T10:01:51Z Initializing Application
2024-01-25T10:01:52Z Authenticated to VALT
2024-01-25T10:01:52Z Connection Successful
2024-01-25T10:01:55Z Recording Accessory Recording started in Room 3
2024-01-25T10:02:07Z Recording stopped in Room 3
2024-01-25T10:02:45Z Initializing Application
2024-01-25T10:02:45Z Authenticated to VALT
2024-01-25T10:02:46Z Connection Successful
2024-01-25T10:02:50Z Recording Accessory Recording started in Room 3
2024-01-25T10:02:56Z Recording stopped in Room 3
2024-01-25T10:04:00Z Initializing Application
2024-01-25T10:04:03Z Authenticated to VALT
2024-01-25T10:04:03Z Connection Successful
2024-01-25T10:04:12Z Initializing Application
2024-01-25T10:04:13Z Authenticated to VALT
2024-01-25T10:04:13Z Connection Successful
2024-01-25T10:06:50Z Initializing Application
2024-01-25T10:06:51Z Authenticated to VALT
2024-01-25T10:06:51Z Connection Successful
2024-01-25T10:07:03Z Recording Accessory Recording started in Room 3
2024-01-25T10:07:14Z Recording stopped in Room 3
2024-01-25T10:28:35Z Initializing Application
2024-01-25T10:28:36Z Authenticated to VALT
2024-01-25T10:28:36Z Connection Successful
2024-01-25T10:28:44Z Initializing Application
2024-01-25T10:28:45Z Authenticated to VALT
2024-01-25T10:28:45Z Connection Successful
2024-01-25T10:30:44Z Initializing Application
2024-01-25T10:30:45Z Authenticated to VALT
2024-01-25T10:30:45Z Connection Successful
2024-01-25T10:30:49Z Recording Accessory Recording started in Room 3
2024-01-25T10:32:08Z Initializing Application
2024-01-25T10:32:08Z Authenticated to VALT
2024-01-25T10:32:08Z Connection Successful
2024-01-25T10:32:31Z Initializing Application
2024-01-25T10:32:32Z Authenticated to VALT
2024-01-25T10:32:32Z Connection Successful
2024-01-25T10:33:16Z Initializing Application
2024-01-25T10:33:17Z Authenticated to VALT
2024-01-25T10:33:17Z Connection Successful
2024-01-25T10:33:26Z Recording stopped in Room 3
2024-01-25T10:36:04Z Initializing Application
2024-01-25T10:36:05Z Authenticated to VALT
2024-01-25T10:36:05Z Connection Successful
2024-01-25T10:36:48Z Recording Accessory Recording started in Room 3
2024-01-25T10:37:24Z Recording stopped in Room 3
2024-01-25T11:42:51Z Initializing Application
2024-01-25T11:42:52Z Authenticated to VALT
2024-01-25T11:42:52Z Connection Successful
2024-01-25T13:00:43Z Initializing Application
2024-01-25T13:00:44Z Authenticated to VALT
2024-01-25T13:00:44Z Connection Successful
2024-01-25T13:01:52Z Initializing Application
2024-01-25T13:01:52Z Authenticated to VALT
2024-01-25T13:01:53Z Connection Successful
2024-01-25T13:11:45Z Authenticated to VALT
2024-01-25T13:42:47Z Initializing Application
2024-01-25T13:42:48Z Authenticated to VALT
2024-01-25T13:42:48Z Connection Successful
2024-01-25T13:44:18Z Initializing Application
2024-01-25T13:44:18Z Authenticated to VALT
2024-01-25T13:44:18Z Connection Successful
2024-01-25T14:00:38Z Initializing Application
2024-01-25T14:00:39Z Authenticated to VALT
2024-01-25T14:00:39Z Connection Successful
2024-01-25T14:01:18Z Initializing Application
2024-01-25T14:01:19Z Authenticated to VALT
2024-01-25T14:01:19Z Connection Successful
2024-01-25T14:02:01Z Initializing Application
2024-01-25T14:02:03Z Authenticated to VALT
2024-01-25T14:02:03Z Connection Successful
2024-01-25T14:02:51Z Initializing Application
2024-01-25T14:02:51Z Authenticated to VALT
2024-01-25T14:02:51Z Connection Successful
2024-01-25T14:02:56Z Recording Accessory Recording started in Room 3
2024-01-25T14:03:07Z Recording stopped in Room 3
2024-01-25T14:09:39Z Initializing Application
2024-01-25T14:09:40Z Authenticated to VALT
2024-01-25T14:09:40Z Connection Successful
2024-01-25T14:09:45Z Initializing Application
2024-01-25T14:09:46Z Authenticated to VALT
2024-01-25T14:09:46Z Connection Successful
2024-01-25T14:09:59Z Initializing Application
2024-01-25T14:09:59Z Authenticated to VALT
2024-01-25T14:10:00Z Connection Successful
2024-01-25T14:10:14Z Initializing Application
2024-01-25T14:10:14Z Authenticated to VALT
2024-01-25T14:10:14Z Connection Successful
2024-01-25T14:10:34Z Initializing Application
2024-01-25T14:10:35Z Authenticated to VALT
2024-01-25T14:10:35Z Connection Successful
2024-01-25T14:16:32Z Initializing Application
2024-01-25T14:16:33Z Authenticated to VALT
2024-01-25T14:16:33Z Connection Successful
2024-01-25T14:28:21Z Initializing Application
2024-01-25T14:28:22Z Authenticated to VALT
2024-01-25T14:28:22Z Connection Successful
2024-01-25T14:30:01Z Initializing Application
2024-01-25T14:30:06Z Authentication FAILED
2024-01-25T14:31:45Z Initializing Application
2024-01-25T14:31:45Z Authenticated to VALT
2024-01-25T14:31:45Z Connection Successful
2024-01-25T14:32:26Z Recording Accessory Recording started in Room 3
2024-01-25T14:32:49Z Recording stopped in Room 3
2024-01-25T14:32:54Z Recording Accessory Recording started in Room 3
2024-01-25T14:33:01Z Recording stopped in Room 3
2024-01-25T14:33:07Z Authenticated to VALT
2024-01-25T14:33:08Z Connection Successful
2024-01-25T14:40:51Z Initializing Application
2024-01-25T14:41:35Z Initializing Application
2024-01-25T14:41:35Z Authenticated to VALT
2024-01-25T14:41:36Z Connection Successful
2024-01-25T14:41:47Z Recording Accessory Recording started in Room 1
2024-01-25T14:41:56Z Recording stopped in Room 1
2024-01-25T14:42:02Z Recording Accessory Recording started in Room 1
2024-01-25T14:42:09Z Recording paused in Room 1
2024-01-25T14:42:15Z Recording resumed in Room 1
2024-01-25T14:42:22Z Recording stopped in Room 1
2024-01-25T14:42:35Z Recording Accessory Recording started in Room 1
2024-01-25T14:42:41Z Recording stopped in Room 1
2024-01-25T14:43:16Z Recording Accessory Recording started in Room 1
2024-01-25T14:43:24Z Recording stopped in Room 1
2024-01-25T14:45:46Z Initializing Application
2024-01-25T14:45:47Z Authenticated to VALT
2024-01-25T14:45:47Z Connection Successful
2024-01-25T14:46:02Z Initializing Application
2024-01-25T14:46:03Z Authenticated to VALT
2024-01-25T14:46:04Z Connection Successful
2024-01-25T14:46:04Z Current Room Status: 1
2024-01-25T14:46:19Z Recording Accessory Recording started in Room 1
2024-01-25T14:46:19Z Current Room Status: 2
2024-01-25T14:46:31Z Recording stopped in Room 1
2024-01-25T14:46:31Z Current Room Status: 1
2024-01-25T14:49:08Z Initializing Application
2024-01-25T14:49:08Z Authenticated to VALT
2024-01-25T14:49:08Z Connection Successful
2024-01-25T14:49:10Z Current Room Status: 1
2024-01-25T14:49:59Z Recording Accessory Recording started in Room 1
2024-01-25T14:49:59Z Current Room Status: 2
2024-01-25T14:50:08Z Current Room Status: 0
2024-01-25T14:50:13Z Recording stopped in Room 1
2024-01-25T14:50:13Z Current Room Status: 1
2024-01-25T14:50:36Z Recording Accessory Recording started in Room 1
2024-01-25T14:50:36Z Current Room Status: 2
2024-01-25T14:50:43Z Recording stopped in Room 1
2024-01-25T14:50:43Z Current Room Status: 1
2024-01-25T14:52:12Z Initializing Application
2024-01-25T14:52:13Z Authenticated to VALT
2024-01-25T14:52:13Z Connection Successful
2024-01-25T14:52:14Z Current Room Status: 1
2024-01-25T14:52:54Z Initializing Application
2024-01-25T14:52:54Z Authenticated to VALT
2024-01-25T14:52:54Z Connection Successful
2024-01-25T14:52:55Z Current Room Status: 1
2024-01-25T14:53:51Z Recording Accessory Recording started in Room 1
2024-01-25T14:53:51Z Current Room Status: 2
2024-01-25T14:53:58Z Recording stopped in Room 1
2024-01-25T14:53:58Z Current Room Status: 1
2024-01-25T14:54:20Z Recording Accessory Recording started in Room 1
2024-01-25T14:54:21Z Current Room Status: 2
2024-01-25T14:54:29Z Recording stopped in Room 1
2024-01-25T14:54:29Z Current Room Status: 1
2024-01-25T14:55:41Z Initializing Application
2024-01-25T14:55:42Z Authenticated to VALT
2024-01-25T14:55:42Z Connection Successful
2024-01-25T14:55:43Z Current Room Status: 1
2024-01-25T14:55:57Z Initializing Application
2024-01-25T14:55:57Z Authenticated to VALT
2024-01-25T14:55:58Z Connection Successful
2024-01-25T14:55:58Z Current Room Status: 1
2024-01-25T14:56:15Z Current Room Status: 1
2024-01-25T14:56:29Z Recording Accessory Recording started in Room 1
2024-01-25T14:56:29Z Current Room Status: 2
2024-01-25T14:56:43Z Current Room Status: 1
2024-01-25T14:58:28Z Recording Accessory Recording started in Room 1
2024-01-25T14:58:28Z Current Room Status: 2
2024-01-25T14:58:38Z Recording stopped in Room 1
2024-01-25T14:58:38Z Current Room Status: 1
2024-01-25T14:58:45Z Current Room Status: 1
2024-01-25T14:59:07Z Current Room Status: 1
2024-01-25T15:02:06Z Initializing Application
2024-01-25T15:02:07Z Authenticated to VALT
2024-01-25T15:02:07Z Connection Successful
2024-01-25T15:02:08Z Current Room Status: 1
2024-01-25T15:02:50Z Initializing Application
2024-01-25T15:02:50Z Authenticated to VALT
2024-01-25T15:02:50Z Connection Successful
2024-01-25T15:02:51Z Current Room Status: 1
2024-01-25T15:03:32Z https://ivstest3.ad.ipivs.com/api/v3/
2024-01-25T15:03:32Z admin
2024-01-25T15:03:33Z Authenticated to VALT
2024-01-25T15:03:33Z Connection Successful
2024-01-25T15:03:38Z Current Room Status: 1
2024-01-25T15:03:47Z Initializing Application
2024-01-25T15:03:47Z Authenticated to VALT
2024-01-25T15:03:48Z Connection Successful
2024-01-25T15:03:48Z Current Room Status: 1
2024-01-25T15:05:07Z Initializing Application
2024-01-25T15:05:08Z Authenticated to VALT
2024-01-25T15:05:09Z Connection Successful
2024-01-25T15:05:10Z Current Room Status: 1
2024-01-25T15:14:22Z Initializing Application
2024-01-25T15:14:23Z Authenticated to VALT
2024-01-25T15:14:23Z Connection Successful
2024-01-25T15:14:23Z Current Room Status: 1
2024-01-25T15:16:03Z Initializing Application
2024-01-25T15:16:04Z Authenticated to VALT
2024-01-25T15:16:04Z Connection Successful
2024-01-25T15:16:05Z Current Room Status: 1
2024-01-25T15:17:48Z Initializing Application
2024-01-25T15:17:49Z Authenticated to VALT
2024-01-25T15:17:49Z Connection Successful
2024-01-25T15:17:50Z Current Room Status: 1
2024-01-25T15:20:59Z Initializing Application
2024-01-25T15:21:00Z Authenticated to VALT
2024-01-25T15:21:00Z Connection Successful
2024-01-25T15:21:02Z Current Room Status: 1
2024-01-25T15:23:00Z Initializing Application
2024-01-25T15:23:02Z Authenticated to VALT
2024-01-25T15:23:03Z Connection Successful
2024-01-25T15:23:03Z Current Room Status: 1
2024-01-25T15:25:24Z Initializing Application
2024-01-25T15:25:25Z Authenticated to VALT
2024-01-25T15:25:25Z Connection Successful
2024-01-25T15:25:26Z Current Room Status: 1
2024-01-25T15:38:49Z Initializing Application
2024-01-25T15:38:49Z Authenticated to VALT
2024-01-25T15:38:49Z Connection Successful
2024-01-25T15:38:50Z Current Room Status: 1
2024-01-25T15:39:15Z Initializing Application
2024-01-25T15:39:15Z Authenticated to VALT
2024-01-25T15:39:15Z Connection Successful
2024-01-25T15:39:16Z Current Room Status: 1
2024-01-25T15:39:41Z Initializing Application
2024-01-25T15:39:42Z Authenticated to VALT
2024-01-25T15:39:42Z Connection Successful
2024-01-25T15:39:43Z Current Room Status: 1
2024-01-25T15:40:09Z Initializing Application
2024-01-25T15:40:10Z Authenticated to VALT
2024-01-25T15:40:11Z Connection Successful
2024-01-25T15:40:12Z Current Room Status: 1
2024-01-25T15:41:39Z Initializing Application
2024-01-25T15:41:40Z Authenticated to VALT
2024-01-25T15:41:40Z Connection Successful
2024-01-25T15:41:41Z Current Room Status: 1
2024-01-25T15:42:16Z Initializing Application
2024-01-25T15:42:16Z Authenticated to VALT
2024-01-25T15:42:17Z Connection Successful
2024-01-25T15:42:17Z Current Room Status: 1
2024-01-25T15:42:26Z Initializing Application
2024-01-25T15:42:27Z Authenticated to VALT
2024-01-25T15:42:27Z Connection Successful
2024-01-25T15:42:28Z Current Room Status: 1
2024-01-25T15:50:11Z Initializing Application
2024-01-25T15:50:12Z Authenticated to VALT
2024-01-25T15:50:12Z Connection Successful
2024-01-25T15:50:13Z Current Room Status: 1
2024-01-25T15:53:22Z Current Room Status: 2
2024-01-25T15:53:28Z Current Room Status: 1
2024-01-25T15:53:45Z Current Room Status: 2
2024-01-25T15:54:25Z Current Room Status: 3
2024-01-25T15:54:30Z Current Room Status: 2
2024-01-25T15:54:41Z Initializing Application
2024-01-25T15:54:42Z Authenticated to VALT
2024-01-25T15:54:42Z Connection Successful
2024-01-25T15:54:43Z Current Room Status: 2
2024-01-25T15:54:54Z Current Room Status: 1
2024-01-25T15:56:26Z Initializing Application
2024-01-25T15:56:27Z Authenticated to VALT
2024-01-25T15:56:27Z Connection Successful
2024-01-25T15:56:28Z Current Room Status: 1
2024-01-25T15:58:49Z Initializing Application
2024-01-25T15:58:50Z Authenticated to VALT
2024-01-25T15:58:50Z Connection Successful
2024-01-25T15:58:51Z Current Room Status: 1
2024-01-25T15:59:21Z Initializing Application
2024-01-25T15:59:21Z Authenticated to VALT
2024-01-25T15:59:21Z Connection Successful
2024-01-25T15:59:22Z Current Room Status: 1
2024-01-25T16:00:20Z Initializing Application
2024-01-25T16:00:20Z Authenticated to VALT
2024-01-25T16:00:20Z Connection Successful
2024-01-25T16:00:21Z Current Room Status: 1
2024-01-25T16:02:00Z Initializing Application
2024-01-25T16:02:01Z Authenticated to VALT
2024-01-25T16:02:01Z Connection Successful
2024-01-25T16:02:03Z Current Room Status: 1
2024-01-25T16:02:21Z Initializing Application
2024-01-25T16:02:22Z Authenticated to VALT
2024-01-25T16:02:22Z Connection Successful
2024-01-25T16:02:23Z Current Room Status: 1
2024-01-25T16:02:33Z Initializing Application
2024-01-25T16:02:34Z Authenticated to VALT
2024-01-25T16:02:34Z Connection Successful
2024-01-25T16:02:35Z Current Room Status: 1
2024-01-25T16:03:08Z Initializing Application
2024-01-25T16:03:09Z Authenticated to VALT
2024-01-25T16:03:09Z Connection Successful
2024-01-25T16:03:10Z Current Room Status: 1
2024-01-25T16:03:31Z Initializing Application
2024-01-25T16:03:31Z Authenticated to VALT
2024-01-25T16:03:31Z Connection Successful
2024-01-25T16:03:32Z Current Room Status: 1
2024-01-25T16:03:45Z Initializing Application
2024-01-25T16:03:46Z Authenticated to VALT
2024-01-25T16:03:46Z Connection Successful
2024-01-25T16:03:47Z Current Room Status: 1
2024-01-26T08:02:56Z Initializing Application
2024-01-26T08:02:56Z Authenticated to VALT
2024-01-26T08:02:56Z Connection Successful
2024-01-26T08:02:57Z Current Room Status: 1
2024-01-26T08:03:14Z Initializing Application
2024-01-26T08:03:15Z Authenticated to VALT
2024-01-26T08:03:15Z Connection Successful
2024-01-26T08:03:16Z Current Room Status: 1
2024-01-26T08:05:08Z Initializing Application
2024-01-26T08:05:09Z Authenticated to VALT
2024-01-26T08:05:09Z Connection Successful
2024-01-26T08:05:10Z Current Room Status: 1
2024-01-26T08:06:35Z Initializing Application
2024-01-26T08:06:35Z Authenticated to VALT
2024-01-26T08:06:35Z Connection Successful
2024-01-26T08:06:36Z Current Room Status: 1
2024-01-26T08:12:09Z Initializing Application
2024-01-26T08:12:10Z Authenticated to VALT
2024-01-26T08:12:10Z Connection Successful
2024-01-26T08:12:11Z Current Room Status: 1
2024-01-26T08:13:32Z Initializing Application
2024-01-26T08:13:32Z Authenticated to VALT
2024-01-26T08:13:32Z Connection Successful
2024-01-26T08:13:33Z Current Room Status: 1
2024-01-26T08:13:59Z Initializing Application
2024-01-26T08:13:59Z Authenticated to VALT
2024-01-26T08:14:00Z Connection Successful
2024-01-26T08:14:00Z Current Room Status: 1
2024-01-26T08:34:07Z Initializing Application
2024-01-26T08:34:08Z Authenticated to VALT
2024-01-26T08:34:08Z Connection Successful
2024-01-26T08:34:09Z Current Room Status: 1
2024-01-26T08:37:33Z Initializing Application
2024-01-26T08:37:34Z Authenticated to VALT
2024-01-26T08:37:34Z Connection Successful
2024-01-26T08:37:35Z Current Room Status: 1
2024-01-26T08:39:57Z Initializing Application
2024-01-26T08:39:58Z Authenticated to VALT
2024-01-26T08:39:58Z Connection Successful
2024-01-26T08:39:59Z Current Room Status: 1
2024-01-26T08:40:09Z Initializing Application
2024-01-26T08:40:10Z Authenticated to VALT
2024-01-26T08:40:10Z Connection Successful
2024-01-26T08:40:11Z Current Room Status: 1
2024-01-26T08:42:36Z Initializing Application
2024-01-26T08:42:36Z Authenticated to VALT
2024-01-26T08:42:36Z Connection Successful
2024-01-26T08:42:37Z Current Room Status: 1
2024-01-26T08:54:08Z Initializing Application
2024-01-26T08:54:09Z Authenticated to VALT
2024-01-26T08:54:09Z Connection Successful
2024-01-26T08:54:10Z Current Room Status: 1
2024-01-26T08:59:16Z Initializing Application
2024-01-26T08:59:16Z Authenticated to VALT
2024-01-26T08:59:16Z Connection Successful
2024-01-26T08:59:17Z Current Room Status: 1
2024-01-26T08:59:54Z Initializing Application
2024-01-26T08:59:54Z Authenticated to VALT
2024-01-26T08:59:54Z Connection Successful
2024-01-26T08:59:55Z Current Room Status: 1
2024-01-26T09:09:22Z Initializing Application
2024-01-26T09:09:23Z Authenticated to VALT
2024-01-26T09:09:23Z Connection Successful
2024-01-26T09:09:24Z Current Room Status: 1
2024-01-26T09:09:53Z Initializing Application
2024-01-26T09:09:53Z Authenticated to VALT
2024-01-26T09:09:53Z Connection Successful
2024-01-26T09:09:54Z Current Room Status: 1
2024-01-26T09:16:55Z Initializing Application
2024-01-26T09:16:56Z Authenticated to VALT
2024-01-26T09:16:56Z Connection Successful
2024-01-26T09:16:56Z Current Room Status: 1
2024-01-26T09:22:24Z Initializing Application
2024-01-26T09:22:24Z Authenticated to VALT
2024-01-26T09:22:25Z Connection Successful
2024-01-26T09:22:25Z Current Room Status: 1
2024-01-26T09:22:59Z Initializing Application
2024-01-26T09:23:00Z Authenticated to VALT
2024-01-26T09:23:00Z Connection Successful
2024-01-26T09:23:03Z Current Room Status: 1
2024-01-26T09:23:10Z Initializing Application
2024-01-26T09:23:11Z Authenticated to VALT
2024-01-26T09:23:11Z Connection Successful
2024-01-26T09:23:12Z Current Room Status: 1
2024-01-26T09:23:24Z Initializing Application
2024-01-26T09:23:24Z Authenticated to VALT
2024-01-26T09:23:24Z Connection Successful
2024-01-26T09:23:25Z Current Room Status: 1
2024-01-26T09:23:49Z Initializing Application
2024-01-26T09:23:50Z Authenticated to VALT
2024-01-26T09:23:50Z Connection Successful
2024-01-26T09:23:50Z Current Room Status: 1
2024-01-26T09:24:00Z Initializing Application
2024-01-26T09:24:02Z Authenticated to VALT
2024-01-26T09:24:02Z Connection Successful
2024-01-26T09:24:04Z Current Room Status: 1
2024-01-26T09:24:34Z Initializing Application
2024-01-26T09:24:34Z Authenticated to VALT
2024-01-26T09:24:34Z Connection Successful
2024-01-26T09:24:35Z Current Room Status: 1
2024-01-26T09:25:09Z Initializing Application
2024-01-26T09:25:09Z Authenticated to VALT
2024-01-26T09:25:09Z Connection Successful
2024-01-26T09:25:10Z Current Room Status: 1
2024-01-26T09:25:26Z Initializing Application
2024-01-26T09:25:26Z Authenticated to VALT
2024-01-26T09:25:26Z Connection Successful
2024-01-26T09:25:27Z Current Room Status: 1
2024-01-26T09:25:48Z Initializing Application
2024-01-26T09:25:49Z Authenticated to VALT
2024-01-26T09:25:49Z Connection Successful
2024-01-26T09:25:50Z Current Room Status: 1
2024-01-26T11:20:49Z Initializing Application
2024-01-26T11:20:50Z Authenticated to VALT
2024-01-26T11:20:50Z Connection Successful
2024-01-26T11:21:02Z Initializing Application
2024-01-26T11:21:03Z Authenticated to VALT
2024-01-26T11:21:03Z Connection Successful
2024-01-26T11:21:26Z Initializing Application
2024-01-26T11:21:26Z Authenticated to VALT
2024-01-26T11:21:27Z Connection Successful
2024-01-26T11:22:31Z Initializing Application
2024-01-26T11:22:31Z Authenticated to VALT
2024-01-26T11:22:32Z Connection Successful
2024-01-26T11:23:04Z Authenticated to VALT
2024-01-26T11:23:05Z Connection Successful
2024-01-26T11:25:31Z Initializing Application
2024-01-26T11:25:31Z Authenticated to VALT
2024-01-26T11:25:31Z Connection Successful
2024-01-26T11:27:13Z Initializing Application
2024-01-26T11:27:13Z Authenticated to VALT
2024-01-26T11:27:14Z Connection Successful
2024-01-26T11:45:35Z Authenticated to VALT
2024-01-26T12:00:36Z Authenticated to VALT
2024-01-26T12:00:36Z Authenticated to VALT
2024-01-26T12:05:37Z Authenticated to VALT
2024-01-26T12:10:36Z Authenticated to VALT
2024-01-26T12:10:36Z Authenticated to VALT
2024-01-26T12:10:37Z Connection Successful
2024-01-26T12:20:36Z Authenticated to VALT
2024-01-26T12:20:37Z Connection Successful
2024-01-26T12:20:37Z Authenticated to VALT
2024-01-26T12:30:35Z Authenticated to VALT
2024-01-26T12:40:36Z Authenticated to VALT
2024-01-26T12:40:39Z Authenticated to VALT
2024-01-26T12:51:17Z Initializing Application
2024-01-26T12:51:18Z Authenticated to VALT
2024-01-26T12:51:18Z Connection Successful
2024-01-26T13:20:36Z Authenticated to VALT
2024-01-26T13:20:36Z Connection Successful
2024-01-26T13:21:09Z Initializing Application
2024-01-26T13:21:09Z Authenticated to VALT
2024-01-26T13:21:10Z Connection Successful
2024-01-26T13:24:34Z Initializing Application
2024-01-26T13:24:34Z Authenticated to VALT
2024-01-26T13:24:34Z Connection Successful
2024-01-26T13:25:17Z Authenticated to VALT
2024-01-26T13:25:17Z Connection Successful
